2024-09-15 06:08:24.041 [info] Extension host with pid 35752 started
2024-09-15 06:08:24.080 [info] Lock '/home/ec2-user/.vscode-server/data/User/workspaceStorage/2a6c11c997b1893714baff429667fd16/vscode.lock': Lock acquired.
2024-09-15 06:08:24.294 [info] ExtensionService#_doActivateExtension vscode.emmet, startup: false, activationEvent: 'onLanguage'
2024-09-15 06:08:24.298 [info] ExtensionService#_doActivateExtension vscode.html-language-features, startup: false, activationEvent: 'onLanguage:html'
2024-09-15 06:08:24.300 [info] ExtensionService#_doActivateExtension vscode.git-base, startup: false, activationEvent: '*', root cause: vscode.git
2024-09-15 06:08:24.675 [info] ExtensionService#_doActivateExtension vscode.git, startup: false, activationEvent: '*'
2024-09-15 06:08:24.678 [info] ExtensionService#_doActivateExtension vscode.github, startup: false, activationEvent: '*'
2024-09-15 06:08:25.269 [info] Eager extensions activated
2024-09-15 06:08:25.270 [info] ExtensionService#_doActivateExtension vscode.debug-auto-launch, startup: false, activationEvent: 'onStartupFinished'
2024-09-15 06:08:25.270 [info] ExtensionService#_doActivateExtension vscode.merge-conflict, startup: false, activationEvent: 'onStartupFinished'
2024-09-15 06:09:03.667 [info] ExtensionService#_doActivateExtension vscode.css-language-features, startup: false, activationEvent: 'onLanguage:css'
2024-09-15 06:09:56.232 [info] ExtensionService#_doActivateExtension vscode.typescript-language-features, startup: false, activationEvent: 'onLanguage:javascript'
2024-09-15 06:11:45.195 [info] ExtensionService#_doActivateExtension vscode.npm, startup: false, activationEvent: 'onTerminalQuickFixRequest:ms-vscode.npm-command'
2024-09-15 06:11:51.078 [info] ExtensionService#_doActivateExtension vscode.configuration-editing, startup: false, activationEvent: 'onLanguage:json'
2024-09-15 06:11:51.078 [info] ExtensionService#_doActivateExtension vscode.extension-editing, startup: false, activationEvent: 'onLanguage:json'
2024-09-15 06:11:51.078 [info] ExtensionService#_doActivateExtension vscode.json-language-features, startup: false, activationEvent: 'onLanguage:json'
2024-09-15 06:19:54.525 [info] ExtensionService#_doActivateExtension vscode.tunnel-forwarding, startup: false, activationEvent: 'onTunnel'
2024-09-15 08:05:23.050 [info] Extension host terminating: received terminate message from renderer
2024-09-15 08:05:23.052 [info] Lock '/home/ec2-user/.vscode-server/data/User/workspaceStorage/2a6c11c997b1893714baff429667fd16/vscode.lock': Marking the lockfile as scheduled to be released in 6000 ms.
2024-09-15 08:05:23.121 [info] Extension host with pid 35752 exiting with code 0
