2024-09-15 08:09:59.808 [info] Extension host with pid 2567 started
2024-09-15 08:09:59.809 [error] Error: EEXIST: file already exists, open '/home/ec2-user/.vscode-server/data/User/workspaceStorage/2a6c11c997b1893714baff429667fd16/vscode.lock'
2024-09-15 08:09:59.841 [info] Lock '/home/ec2-user/.vscode-server/data/User/workspaceStorage/2a6c11c997b1893714baff429667fd16/vscode.lock': Could not acquire lock, checking if the file is stale.
2024-09-15 08:09:59.863 [info] Lock '/home/ec2-user/.vscode-server/data/User/workspaceStorage/2a6c11c997b1893714baff429667fd16/vscode.lock': The pid 46750 appears to be gone.
2024-09-15 08:09:59.863 [info] Lock '/home/ec2-user/.vscode-server/data/User/workspaceStorage/2a6c11c997b1893714baff429667fd16/vscode.lock': Deleting a stale lock.
2024-09-15 08:09:59.867 [info] Lock '/home/ec2-user/.vscode-server/data/User/workspaceStorage/2a6c11c997b1893714baff429667fd16/vscode.lock': Lock acquired.
2024-09-15 08:10:00.003 [info] ExtensionService#_doActivateExtension vscode.emmet, startup: false, activationEvent: 'onLanguage'
2024-09-15 08:10:00.006 [info] ExtensionService#_doActivateExtension vscode.css-language-features, startup: false, activationEvent: 'onLanguage:css'
2024-09-15 08:10:00.006 [info] ExtensionService#_doActivateExtension vscode.git-base, startup: false, activationEvent: '*', root cause: vscode.git
2024-09-15 08:10:00.010 [info] ExtensionService#_doActivateExtension vscode.tunnel-forwarding, startup: false, activationEvent: 'onTunnel'
2024-09-15 08:10:00.410 [info] ExtensionService#_doActivateExtension vscode.git, startup: false, activationEvent: '*'
2024-09-15 08:10:00.411 [info] ExtensionService#_doActivateExtension vscode.github, startup: false, activationEvent: '*'
2024-09-15 08:10:01.021 [info] Eager extensions activated
2024-09-15 08:10:01.023 [info] ExtensionService#_doActivateExtension vscode.debug-auto-launch, startup: false, activationEvent: 'onStartupFinished'
2024-09-15 08:10:01.023 [info] ExtensionService#_doActivateExtension vscode.merge-conflict, startup: false, activationEvent: 'onStartupFinished'
2024-09-15 08:11:54.442 [info] ExtensionService#_doActivateExtension vscode.html-language-features, startup: false, activationEvent: 'onLanguage:html'
2024-09-15 08:12:06.495 [info] ExtensionService#_doActivateExtension vscode.typescript-language-features, startup: false, activationEvent: 'onLanguage:javascript'
2024-09-15 08:13:11.893 [info] ExtensionService#_doActivateExtension vscode.npm, startup: false, activationEvent: 'onTerminalQuickFixRequest:ms-vscode.npm-command'
2024-09-15 08:13:17.783 [info] ExtensionService#_doActivateExtension vscode.configuration-editing, startup: false, activationEvent: 'onLanguage:json'
2024-09-15 08:13:17.783 [info] ExtensionService#_doActivateExtension vscode.extension-editing, startup: false, activationEvent: 'onLanguage:json'
2024-09-15 08:13:17.784 [info] ExtensionService#_doActivateExtension vscode.json-language-features, startup: false, activationEvent: 'onLanguage:json'
