2024-09-15 18:35:49.041 [info] Extension host with pid 7244 started
2024-09-15 18:35:49.041 [error] Error: EEXIST: file already exists, open '/home/ec2-user/.vscode-server/data/User/workspaceStorage/2a6c11c997b1893714baff429667fd16/vscode.lock'
2024-09-15 18:35:49.081 [info] Lock '/home/ec2-user/.vscode-server/data/User/workspaceStorage/2a6c11c997b1893714baff429667fd16/vscode.lock': Could not acquire lock, checking if the file is stale.
2024-09-15 18:35:49.163 [info] Lock '/home/ec2-user/.vscode-server/data/User/workspaceStorage/2a6c11c997b1893714baff429667fd16/vscode.lock': The lock does not look stale, elapsed: 729 ms, giving up.
2024-09-15 18:35:49.168 [info] Lock '/home/ec2-user/.vscode-server/data/User/workspaceStorage/2a6c11c997b1893714baff429667fd16-1/vscode.lock': Lock acquired.
2024-09-15 18:35:49.285 [info] ExtensionService#_doActivateExtension vscode.tunnel-forwarding, startup: false, activationEvent: 'onTunnel'
2024-09-15 18:35:49.292 [info] ExtensionService#_doActivateExtension vscode.emmet, startup: false, activationEvent: 'onLanguage'
2024-09-15 18:35:49.293 [info] ExtensionService#_doActivateExtension vscode.git-base, startup: false, activationEvent: '*', root cause: vscode.git
2024-09-15 18:35:49.510 [info] ExtensionService#_doActivateExtension vscode.git, startup: false, activationEvent: '*'
2024-09-15 18:35:49.511 [info] ExtensionService#_doActivateExtension vscode.github, startup: false, activationEvent: '*'
2024-09-15 18:35:49.870 [info] Eager extensions activated
2024-09-15 18:35:49.871 [info] ExtensionService#_doActivateExtension vscode.debug-auto-launch, startup: false, activationEvent: 'onStartupFinished'
2024-09-15 18:35:49.872 [info] ExtensionService#_doActivateExtension vscode.merge-conflict, startup: false, activationEvent: 'onStartupFinished'
2024-09-15 18:35:50.164 [warning] [Decorations] CAPPING events from decorations provider vscode.git 1533
2024-09-15 18:35:50.287 [warning] [Decorations] CAPPING events from decorations provider vscode.git 1534
2024-09-15 18:35:51.183 [error] Error: No such branch: master.
	at N.getBranch (/home/ec2-user/.vscode-server/cli/servers/Stable-38c31bc77e0dd6ae88a4e9cc93428cc27a56ba40/server/extensions/git/dist/main.js:2:937115)
	at async T.retryRun (/home/ec2-user/.vscode-server/cli/servers/Stable-38c31bc77e0dd6ae88a4e9cc93428cc27a56ba40/server/extensions/git/dist/main.js:2:1032816)
	at async T.run (/home/ec2-user/.vscode-server/cli/servers/Stable-38c31bc77e0dd6ae88a4e9cc93428cc27a56ba40/server/extensions/git/dist/main.js:2:1032420)
	at async T.getBranch (/home/ec2-user/.vscode-server/cli/servers/Stable-38c31bc77e0dd6ae88a4e9cc93428cc27a56ba40/server/extensions/git/dist/main.js:2:1020563)
	at async T.getBranchBase (/home/ec2-user/.vscode-server/cli/servers/Stable-38c31bc77e0dd6ae88a4e9cc93428cc27a56ba40/server/extensions/git/dist/main.js:2:1020849)
	at async t.GitHistoryProvider.resolveHEADMergeBase (/home/ec2-user/.vscode-server/cli/servers/Stable-38c31bc77e0dd6ae88a4e9cc93428cc27a56ba40/server/extensions/git/dist/main.js:2:948410)
	at async t.GitHistoryProvider.onDidRunGitStatus (/home/ec2-user/.vscode-server/cli/servers/Stable-38c31bc77e0dd6ae88a4e9cc93428cc27a56ba40/server/extensions/git/dist/main.js:2:941737)
2024-09-15 18:35:51.310 [error] Error: No such branch: master.
	at N.getBranch (/home/ec2-user/.vscode-server/cli/servers/Stable-38c31bc77e0dd6ae88a4e9cc93428cc27a56ba40/server/extensions/git/dist/main.js:2:937115)
	at async T.retryRun (/home/ec2-user/.vscode-server/cli/servers/Stable-38c31bc77e0dd6ae88a4e9cc93428cc27a56ba40/server/extensions/git/dist/main.js:2:1032816)
	at async T.run (/home/ec2-user/.vscode-server/cli/servers/Stable-38c31bc77e0dd6ae88a4e9cc93428cc27a56ba40/server/extensions/git/dist/main.js:2:1032420)
	at async T.getBranch (/home/ec2-user/.vscode-server/cli/servers/Stable-38c31bc77e0dd6ae88a4e9cc93428cc27a56ba40/server/extensions/git/dist/main.js:2:1020563)
	at async T.getBranchBase (/home/ec2-user/.vscode-server/cli/servers/Stable-38c31bc77e0dd6ae88a4e9cc93428cc27a56ba40/server/extensions/git/dist/main.js:2:1020849)
	at async t.GitHistoryProvider.resolveHEADMergeBase (/home/ec2-user/.vscode-server/cli/servers/Stable-38c31bc77e0dd6ae88a4e9cc93428cc27a56ba40/server/extensions/git/dist/main.js:2:948410)
	at async t.GitHistoryProvider.onDidRunGitStatus (/home/ec2-user/.vscode-server/cli/servers/Stable-38c31bc77e0dd6ae88a4e9cc93428cc27a56ba40/server/extensions/git/dist/main.js:2:941737)
2024-09-15 18:36:12.867 [warning] [Decorations] CAPPING events from decorations provider vscode.git 1534
2024-09-15 18:36:13.879 [error] Error: No such branch: master.
	at N.getBranch (/home/ec2-user/.vscode-server/cli/servers/Stable-38c31bc77e0dd6ae88a4e9cc93428cc27a56ba40/server/extensions/git/dist/main.js:2:937115)
	at async T.retryRun (/home/ec2-user/.vscode-server/cli/servers/Stable-38c31bc77e0dd6ae88a4e9cc93428cc27a56ba40/server/extensions/git/dist/main.js:2:1032816)
	at async T.run (/home/ec2-user/.vscode-server/cli/servers/Stable-38c31bc77e0dd6ae88a4e9cc93428cc27a56ba40/server/extensions/git/dist/main.js:2:1032420)
	at async T.getBranch (/home/ec2-user/.vscode-server/cli/servers/Stable-38c31bc77e0dd6ae88a4e9cc93428cc27a56ba40/server/extensions/git/dist/main.js:2:1020563)
	at async T.getBranchBase (/home/ec2-user/.vscode-server/cli/servers/Stable-38c31bc77e0dd6ae88a4e9cc93428cc27a56ba40/server/extensions/git/dist/main.js:2:1020849)
	at async t.GitHistoryProvider.resolveHEADMergeBase (/home/ec2-user/.vscode-server/cli/servers/Stable-38c31bc77e0dd6ae88a4e9cc93428cc27a56ba40/server/extensions/git/dist/main.js:2:948410)
	at async t.GitHistoryProvider.onDidRunGitStatus (/home/ec2-user/.vscode-server/cli/servers/Stable-38c31bc77e0dd6ae88a4e9cc93428cc27a56ba40/server/extensions/git/dist/main.js:2:941737)
2024-09-15 18:38:06.869 [warning] [Decorations] CAPPING events from decorations provider vscode.git 1536
2024-09-15 18:38:07.898 [error] Error: No such branch: master.
	at N.getBranch (/home/ec2-user/.vscode-server/cli/servers/Stable-38c31bc77e0dd6ae88a4e9cc93428cc27a56ba40/server/extensions/git/dist/main.js:2:937115)
	at async T.retryRun (/home/ec2-user/.vscode-server/cli/servers/Stable-38c31bc77e0dd6ae88a4e9cc93428cc27a56ba40/server/extensions/git/dist/main.js:2:1032816)
	at async T.run (/home/ec2-user/.vscode-server/cli/servers/Stable-38c31bc77e0dd6ae88a4e9cc93428cc27a56ba40/server/extensions/git/dist/main.js:2:1032420)
	at async T.getBranch (/home/ec2-user/.vscode-server/cli/servers/Stable-38c31bc77e0dd6ae88a4e9cc93428cc27a56ba40/server/extensions/git/dist/main.js:2:1020563)
	at async T.getBranchBase (/home/ec2-user/.vscode-server/cli/servers/Stable-38c31bc77e0dd6ae88a4e9cc93428cc27a56ba40/server/extensions/git/dist/main.js:2:1020849)
	at async t.GitHistoryProvider.resolveHEADMergeBase (/home/ec2-user/.vscode-server/cli/servers/Stable-38c31bc77e0dd6ae88a4e9cc93428cc27a56ba40/server/extensions/git/dist/main.js:2:948410)
	at async t.GitHistoryProvider.onDidRunGitStatus (/home/ec2-user/.vscode-server/cli/servers/Stable-38c31bc77e0dd6ae88a4e9cc93428cc27a56ba40/server/extensions/git/dist/main.js:2:941737)
2024-09-15 18:41:10.976 [warning] [Decorations] CAPPING events from decorations provider vscode.git 1536
2024-09-15 18:41:11.989 [error] Error: No such branch: master.
	at N.getBranch (/home/ec2-user/.vscode-server/cli/servers/Stable-38c31bc77e0dd6ae88a4e9cc93428cc27a56ba40/server/extensions/git/dist/main.js:2:937115)
	at async T.retryRun (/home/ec2-user/.vscode-server/cli/servers/Stable-38c31bc77e0dd6ae88a4e9cc93428cc27a56ba40/server/extensions/git/dist/main.js:2:1032816)
	at async T.run (/home/ec2-user/.vscode-server/cli/servers/Stable-38c31bc77e0dd6ae88a4e9cc93428cc27a56ba40/server/extensions/git/dist/main.js:2:1032420)
	at async T.getBranch (/home/ec2-user/.vscode-server/cli/servers/Stable-38c31bc77e0dd6ae88a4e9cc93428cc27a56ba40/server/extensions/git/dist/main.js:2:1020563)
	at async T.getBranchBase (/home/ec2-user/.vscode-server/cli/servers/Stable-38c31bc77e0dd6ae88a4e9cc93428cc27a56ba40/server/extensions/git/dist/main.js:2:1020849)
	at async t.GitHistoryProvider.resolveHEADMergeBase (/home/ec2-user/.vscode-server/cli/servers/Stable-38c31bc77e0dd6ae88a4e9cc93428cc27a56ba40/server/extensions/git/dist/main.js:2:948410)
	at async t.GitHistoryProvider.onDidRunGitStatus (/home/ec2-user/.vscode-server/cli/servers/Stable-38c31bc77e0dd6ae88a4e9cc93428cc27a56ba40/server/extensions/git/dist/main.js:2:941737)
2024-09-15 18:41:17.725 [warning] [Decorations] CAPPING events from decorations provider vscode.git 1536
2024-09-15 18:41:18.747 [error] Error: No such branch: master.
	at N.getBranch (/home/ec2-user/.vscode-server/cli/servers/Stable-38c31bc77e0dd6ae88a4e9cc93428cc27a56ba40/server/extensions/git/dist/main.js:2:937115)
	at async T.retryRun (/home/ec2-user/.vscode-server/cli/servers/Stable-38c31bc77e0dd6ae88a4e9cc93428cc27a56ba40/server/extensions/git/dist/main.js:2:1032816)
	at async T.run (/home/ec2-user/.vscode-server/cli/servers/Stable-38c31bc77e0dd6ae88a4e9cc93428cc27a56ba40/server/extensions/git/dist/main.js:2:1032420)
	at async T.getBranch (/home/ec2-user/.vscode-server/cli/servers/Stable-38c31bc77e0dd6ae88a4e9cc93428cc27a56ba40/server/extensions/git/dist/main.js:2:1020563)
	at async T.getBranchBase (/home/ec2-user/.vscode-server/cli/servers/Stable-38c31bc77e0dd6ae88a4e9cc93428cc27a56ba40/server/extensions/git/dist/main.js:2:1020849)
	at async t.GitHistoryProvider.resolveHEADMergeBase (/home/ec2-user/.vscode-server/cli/servers/Stable-38c31bc77e0dd6ae88a4e9cc93428cc27a56ba40/server/extensions/git/dist/main.js:2:948410)
	at async t.GitHistoryProvider.onDidRunGitStatus (/home/ec2-user/.vscode-server/cli/servers/Stable-38c31bc77e0dd6ae88a4e9cc93428cc27a56ba40/server/extensions/git/dist/main.js:2:941737)
2024-09-15 18:41:33.735 [warning] [Decorations] CAPPING events from decorations provider vscode.git 1534
2024-09-15 18:41:34.749 [error] Error: No such branch: master.
	at N.getBranch (/home/ec2-user/.vscode-server/cli/servers/Stable-38c31bc77e0dd6ae88a4e9cc93428cc27a56ba40/server/extensions/git/dist/main.js:2:937115)
	at async T.retryRun (/home/ec2-user/.vscode-server/cli/servers/Stable-38c31bc77e0dd6ae88a4e9cc93428cc27a56ba40/server/extensions/git/dist/main.js:2:1032816)
	at async T.run (/home/ec2-user/.vscode-server/cli/servers/Stable-38c31bc77e0dd6ae88a4e9cc93428cc27a56ba40/server/extensions/git/dist/main.js:2:1032420)
	at async T.getBranch (/home/ec2-user/.vscode-server/cli/servers/Stable-38c31bc77e0dd6ae88a4e9cc93428cc27a56ba40/server/extensions/git/dist/main.js:2:1020563)
	at async T.getBranchBase (/home/ec2-user/.vscode-server/cli/servers/Stable-38c31bc77e0dd6ae88a4e9cc93428cc27a56ba40/server/extensions/git/dist/main.js:2:1020849)
	at async t.GitHistoryProvider.resolveHEADMergeBase (/home/ec2-user/.vscode-server/cli/servers/Stable-38c31bc77e0dd6ae88a4e9cc93428cc27a56ba40/server/extensions/git/dist/main.js:2:948410)
	at async t.GitHistoryProvider.onDidRunGitStatus (/home/ec2-user/.vscode-server/cli/servers/Stable-38c31bc77e0dd6ae88a4e9cc93428cc27a56ba40/server/extensions/git/dist/main.js:2:941737)
